make all --print-data-base --no-builtin-variables --no-builtin-rules --question
make: *** No rule to make target 'all'.  Stop.

# GNU Make 4.3
# Built for x86_64-pc-linux-gnu
# Copyright (C) 1988-2020 Free Software Foundation, Inc.
# License GPLv3+: GNU GPL version 3 or later <http://gnu.org/licenses/gpl.html>
# This is free software: you are free to change and redistribute it.
# There is NO WARRANTY, to the extent permitted by law.

# Make data base, printed on Mon Jul  4 14:02:40 2022

# Variables

# environment
GDK_BACKEND = x11
# environment
LC_ALL = C
# environment
VSCODE_IPC_HOOK_EXTHOST = /run/user/1000/vscode-ipc-52501204-9bcc-4935-8ad4-8664a0093273.sock
# environment
VSCODE_CWD = /home/emma
# environment
WAYLAND_DISPLAY_LOW_DENSITY = wayland-1
# environment
NVM_DIR = /home/emma/.config/nvm
# default
MAKE_COMMAND := make
# environment
QT_ACCESSIBILITY = 1
# automatic
@D = $(patsubst %/,%,$(dir $@))
# environment
VSCODE_HANDLES_UNCAUGHT_ERRORS = true
# default
.VARIABLES := 
# environment
PWD = /home/emma/blog
# automatic
%D = $(patsubst %/,%,$(dir $%))
# environment
XDG_DATA_DIRS = /home/emma/.local/share:/home/emma/.local/share/flatpak/exports/share:/var/lib/flatpak/exports/share:/usr/local/share:/usr/share
# automatic
^D = $(patsubst %/,%,$(dir $^))
# environment
VSCODE_LOG_STACK = false
# automatic
%F = $(notdir $%)
# environment
NVM_INC = /home/emma/.config/nvm/versions/node/v17.4.0/include/node
# environment
VSCODE_CODE_CACHE_PATH = /home/emma/.config/Code/CachedData/4af164ea3a06f701fe3e89a2bcbb421d2026b68f
# environment
LANG = C
# default
.LOADED := 
# default
.INCLUDE_DIRS = /usr/local/include /usr/include /usr/include
# makefile
MAKEFLAGS = pqrR
# makefile
CURDIR := /home/emma/blog
# environment
VSCODE_PIPE_LOGGING = true
# environment
APPLICATION_INSIGHTS_NO_DIAGNOSTIC_CHANNEL = 1
# automatic
*D = $(patsubst %/,%,$(dir $*))
# environment
MFLAGS = -pqrR
# default
.SHELLFLAGS := -c
# environment
NVM_BIN = /home/emma/.config/nvm/versions/node/v17.4.0/bin
# environment
SOMMELIER_GLAMOR = 1
# environment
WAYLAND_DISPLAY = wayland-0
# automatic
+D = $(patsubst %/,%,$(dir $+))
# environment
XCURSOR_THEME = Adwaita
# makefile
MAKEFILE_LIST := 
# automatic
@F = $(notdir $@)
# environment
VSCODE_VERBOSE_LOGGING = true
# environment
VSCODE_PID = 8503
# automatic
?D = $(patsubst %/,%,$(dir $?))
# automatic
*F = $(notdir $*)
# environment
QT_QPA_PLATFORMTHEME = gtk2
# environment
CHROME_DESKTOP = code-url-handler.desktop
# environment
DBUS_SESSION_BUS_ADDRESS = unix:path=/run/user/1000/bus
# automatic
<D = $(patsubst %/,%,$(dir $<))
# environment
VSCODE_NLS_CONFIG = {"locale":"en-us","availableLanguages":{},"_languagePackSupport":true}
# default
MAKE_HOST := x86_64-pc-linux-gnu
# makefile
SHELL = /bin/sh
# default
MAKECMDGOALS := all
# environment
SHLVL = 0
# environment
MAKELEVEL := 0
# default
MAKE = $(MAKE_COMMAND)
# environment
LD_ARGV0_REL = ../bin/garcon
# environment
PATH = /home/emma/.local/bin:/home/emma/.cargo/bin:/opt/swift/usr/bin:/home/emma/.local/bin:/home/emma/.config/nvm/versions/node/v17.4.0/bin:/usr/local/bin:/usr/bin:/bin:/usr/local/games:/usr/games:/usr/local/go/bin:/usr/local/go/bin
# default
MAKEFILES := 
# environment
XCURSOR_SIZE_LOW_DENSITY = 15
# automatic
^F = $(notdir $^)
# environment
INVOCATION_ID = 6ed669a60b234945b03711c0862db59c
# environment
XDG_CONFIG_HOME = /home/emma/.config
# environment
VSCODE_LOG_NATIVE = false
# environment
SOMMELIER_VERSION = 0.20
# automatic
?F = $(notdir $?)
# environment
XDG_CURRENT_DESKTOP = X-Generic
# environment
LS_COLORS = 
# automatic
+F = $(notdir $+)
# environment
ORIGINAL_XDG_CURRENT_DESKTOP = X-Generic
# 'override' directive
GNUMAKEFLAGS := 
# environment
BROWSER = /usr/bin/garcon-url-handler
# environment
LOGNAME = emma
# makefile
.DEFAULT_GOAL := 
# environment
DISPLAY = :0
# environment
USER = emma
# default
MAKE_VERSION := 4.3
# environment
MANAGERPID = 167
# environment
NCURSES_NO_UTF8_ACS = 1
# environment
SOMMELIER_DRM_DEVICE = /dev/dri/renderD128
# environment
_ = /usr/share/code/code
# environment
XDG_RUNTIME_DIR = /run/user/1000
# environment
DISPLAY_LOW_DENSITY = :1
# environment
NVM_CD_FLAGS = 
# environment
JOURNAL_STREAM = 7:19943
# environment
VSCODE_AMD_ENTRYPOINT = vs/workbench/api/node/extensionHostProcess
# environment
HOME = /home/emma
# environment
ELECTRON_RUN_AS_NODE = 1
# environment
VSCODE_IPC_HOOK = /run/user/1000/vscode-842d6cdb-1.68.0-main.sock
# environment
XCURSOR_SIZE = 30
# default
.RECIPEPREFIX := 
# automatic
<F = $(notdir $<)
# default
SUFFIXES := 
# environment
QT_AUTO_SCREEN_SCALE_FACTOR = 1
# default
.FEATURES := target-specific order-only second-expansion else-if shortest-stem undefine oneshell nocomment grouped-target extra-prereqs archives jobserver output-sync check-symlink load
# variable set hash-table stats:
# Load=90/1024=9%, Rehash=0, Collisions=3/117=3%

# Pattern-specific Variable Values

# No pattern-specific variable values.

# Directories

# . (device 49, inode 932445): 13 files, no impossibilities.

# 13 files, no impossibilities in 1 directories.

# Implicit Rules

# No implicit rules.

# Files

# Not a target:
Makefile:
#  Implicit rule search has been done.
#  File does not exist.
#  File has been updated.
#  Failed to be updated.

# Not a target:
.DEFAULT:
#  Implicit rule search has not been done.
#  Modification time never checked.
#  File has not been updated.

# Not a target:
all:
#  Command line target.
#  Implicit rule search has been done.
#  File does not exist.
#  File has not been updated.

# Not a target:
makefile:
#  Implicit rule search has been done.
#  File does not exist.
#  File has been updated.
#  Failed to be updated.

# Not a target:
GNUmakefile:
#  Implicit rule search has been done.
#  File does not exist.
#  File has been updated.
#  Failed to be updated.

# files hash-table stats:
# Load=6/1024=1%, Rehash=0, Collisions=0/15=0%
# VPATH Search Paths

# No 'vpath' search paths.

# No general ('VPATH' variable) search path.

# strcache buffers: 1 (0) / strings = 21 / storage = 184 B / avg = 8 B
# current buf: size = 8162 B / used = 184 B / count = 21 / avg = 8 B

# strcache performance: lookups = 24 / hit rate = 12%
# hash-table stats:
# Load=21/8192=0%, Rehash=0, Collisions=0/24=0%
# Finished Make data base on Mon Jul  4 14:02:40 2022

 
